12:54:48.272 [main] INFO  testCases.AccountRegTest - Test case starting
12:54:48.286 [main] INFO  testCases.AccountRegTest - Account & register clicked
12:54:50.828 [main] INFO  testCases.AccountRegTest - Personal setails fillup
12:54:54.501 [main] INFO  testCases.AccountRegTest -  all done
12:56:14.720 [main] DEBUG io.netty.util.internal.logging.InternalLoggerFactory - Using Log4J2 as the default logging framework
12:56:14.771 [main] DEBUG io.netty.util.ResourceLeakDetector - -Dio.netty.leakDetection.level: simple
12:56:14.772 [main] DEBUG io.netty.util.ResourceLeakDetector - -Dio.netty.leakDetection.targetRecords: 4
12:56:14.788 [main] DEBUG io.netty.util.ResourceLeakDetectorFactory - Loaded default ResourceLeakDetector: io.netty.util.ResourceLeakDetector@51751e5f
12:56:14.838 [main] DEBUG io.netty.util.internal.PlatformDependent0 - -Dio.netty.noUnsafe: false
12:56:14.839 [main] DEBUG io.netty.util.internal.PlatformDependent0 - Java version: 17
12:56:14.841 [main] DEBUG io.netty.util.internal.PlatformDependent0 - sun.misc.Unsafe.theUnsafe: available
12:56:14.843 [main] DEBUG io.netty.util.internal.PlatformDependent0 - sun.misc.Unsafe.copyMemory: available
12:56:14.844 [main] DEBUG io.netty.util.internal.PlatformDependent0 - sun.misc.Unsafe.storeFence: available
12:56:14.846 [main] DEBUG io.netty.util.internal.PlatformDependent0 - java.nio.Buffer.address: available
12:56:14.847 [main] DEBUG io.netty.util.internal.PlatformDependent0 - direct buffer constructor: unavailable: Reflective setAccessible(true) disabled
12:56:14.849 [main] DEBUG io.netty.util.internal.PlatformDependent0 - java.nio.Bits.unaligned: available, true
12:56:14.852 [main] DEBUG io.netty.util.internal.PlatformDependent0 - jdk.internal.misc.Unsafe.allocateUninitializedArray(int): unavailable: class io.netty.util.internal.PlatformDependent0$7 cannot access class jdk.internal.misc.Unsafe (in module java.base) because module java.base does not export jdk.internal.misc to unnamed module @7ab2bfe1
12:56:14.854 [main] DEBUG io.netty.util.internal.PlatformDependent0 - java.nio.DirectByteBuffer.<init>(long, int): unavailable
12:56:14.854 [main] DEBUG io.netty.util.internal.PlatformDependent - sun.misc.Unsafe: available
12:56:14.856 [main] DEBUG io.netty.util.internal.PlatformDependent - maxDirectMemory: 2539651072 bytes (maybe)
12:56:14.856 [main] DEBUG io.netty.util.internal.PlatformDependent - -Dio.netty.tmpdir: C:\Users\user\AppData\Local\Temp (java.io.tmpdir)
12:56:14.857 [main] DEBUG io.netty.util.internal.PlatformDependent - -Dio.netty.bitMode: 64 (sun.arch.data.model)
12:56:14.857 [main] DEBUG io.netty.util.internal.PlatformDependent - Platform: Windows
12:56:14.859 [main] DEBUG io.netty.util.internal.PlatformDependent - -Dio.netty.maxDirectMemory: -1 bytes
12:56:14.859 [main] DEBUG io.netty.util.internal.PlatformDependent - -Dio.netty.uninitializedArrayAllocationThreshold: -1
12:56:14.862 [main] DEBUG io.netty.util.internal.CleanerJava9 - java.nio.ByteBuffer.cleaner(): available
12:56:14.863 [main] DEBUG io.netty.util.internal.PlatformDependent - -Dio.netty.noPreferDirect: false
12:56:14.884 [main] DEBUG io.netty.util.internal.PlatformDependent - org.jctools-core.MpscChunkedArrayQueue: available
12:56:14.928 [main] DEBUG io.netty.util.internal.InternalThreadLocalMap - -Dio.netty.threadLocalMap.stringBuilder.initialSize: 1024
12:56:14.928 [main] DEBUG io.netty.util.internal.InternalThreadLocalMap - -Dio.netty.threadLocalMap.stringBuilder.maxSize: 4096
12:56:15.059 [main] DEBUG io.netty.handler.ssl.JdkSslContext - Default protocols (JDK): [TLSv1.3, TLSv1.2] 
12:56:15.059 [main] DEBUG io.netty.handler.ssl.JdkSslContext - Default cipher suites (JDK): [TLS_ECDHE_ECDSA_WITH_AES_256_GCM_SHA384, TLS_ECDHE_ECDSA_WITH_AES_128_GCM_SHA256, TLS_ECDHE_RSA_WITH_AES_128_GCM_SHA256, TLS_ECDHE_RSA_WITH_AES_256_GCM_SHA384, TLS_ECDHE_RSA_WITH_AES_128_CBC_SHA, TLS_ECDHE_RSA_WITH_AES_256_CBC_SHA, TLS_RSA_WITH_AES_128_GCM_SHA256, TLS_RSA_WITH_AES_128_CBC_SHA, TLS_RSA_WITH_AES_256_CBC_SHA, TLS_AES_128_GCM_SHA256, TLS_AES_256_GCM_SHA384]
12:56:15.106 [main] DEBUG io.netty.util.concurrent.GlobalEventExecutor - -Dio.netty.globalEventExecutor.quietPeriodSeconds: 1
12:56:15.157 [main] DEBUG io.netty.channel.MultithreadEventLoopGroup - -Dio.netty.eventLoopThreads: 8
12:56:15.190 [main] DEBUG io.netty.channel.nio.NioEventLoop - -Dio.netty.noKeySetOptimization: false
12:56:15.191 [main] DEBUG io.netty.channel.nio.NioEventLoop - -Dio.netty.selectorAutoRebuildThreshold: 512
12:56:15.342 [main] DEBUG io.netty.buffer.PooledByteBufAllocator - -Dio.netty.allocator.numHeapArenas: 8
12:56:15.343 [main] DEBUG io.netty.buffer.PooledByteBufAllocator - -Dio.netty.allocator.numDirectArenas: 8
12:56:15.343 [main] DEBUG io.netty.buffer.PooledByteBufAllocator - -Dio.netty.allocator.pageSize: 8192
12:56:15.343 [main] DEBUG io.netty.buffer.PooledByteBufAllocator - -Dio.netty.allocator.maxOrder: 9
12:56:15.343 [main] DEBUG io.netty.buffer.PooledByteBufAllocator - -Dio.netty.allocator.chunkSize: 4194304
12:56:15.343 [main] DEBUG io.netty.buffer.PooledByteBufAllocator - -Dio.netty.allocator.smallCacheSize: 256
12:56:15.343 [main] DEBUG io.netty.buffer.PooledByteBufAllocator - -Dio.netty.allocator.normalCacheSize: 64
12:56:15.344 [main] DEBUG io.netty.buffer.PooledByteBufAllocator - -Dio.netty.allocator.maxCachedBufferCapacity: 32768
12:56:15.344 [main] DEBUG io.netty.buffer.PooledByteBufAllocator - -Dio.netty.allocator.cacheTrimInterval: 8192
12:56:15.345 [main] DEBUG io.netty.buffer.PooledByteBufAllocator - -Dio.netty.allocator.cacheTrimIntervalMillis: 0
12:56:15.347 [main] DEBUG io.netty.buffer.PooledByteBufAllocator - -Dio.netty.allocator.useCacheForAllThreads: false
12:56:15.347 [main] DEBUG io.netty.buffer.PooledByteBufAllocator - -Dio.netty.allocator.maxCachedByteBuffersPerChunk: 1023
12:56:15.388 [main] DEBUG io.netty.buffer.ByteBufUtil - -Dio.netty.allocator.type: pooled
12:56:15.389 [main] DEBUG io.netty.buffer.ByteBufUtil - -Dio.netty.threadLocalDirectBufferSize: 0
12:56:15.389 [main] DEBUG io.netty.buffer.ByteBufUtil - -Dio.netty.maxThreadLocalCharBufferSize: 16384
12:56:16.594 [Forwarding newSession on session null to remote] DEBUG io.netty.channel.DefaultChannelId - -Dio.netty.processId: 5680 (auto-detected)
12:56:16.603 [Forwarding newSession on session null to remote] DEBUG io.netty.util.NetUtil - -Djava.net.preferIPv4Stack: false
12:56:16.603 [Forwarding newSession on session null to remote] DEBUG io.netty.util.NetUtil - -Djava.net.preferIPv6Addresses: false
12:56:16.659 [Forwarding newSession on session null to remote] DEBUG io.netty.util.NetUtilInitializations - Loopback interface: lo (Software Loopback Interface 1, 127.0.0.1)
12:56:16.663 [Forwarding newSession on session null to remote] DEBUG io.netty.util.NetUtil - Failed to get SOMAXCONN from sysctl and file \proc\sys\net\core\somaxconn. Default: 200
12:56:16.767 [Forwarding newSession on session null to remote] DEBUG io.netty.channel.DefaultChannelId - -Dio.netty.machineId: 74:df:bf:ff:fe:97:85:e3 (auto-detected)
12:56:16.966 [AsyncHttpClient-1-2] DEBUG io.netty.buffer.AbstractByteBuf - -Dio.netty.buffer.checkAccessible: true
12:56:16.968 [AsyncHttpClient-1-2] DEBUG io.netty.buffer.AbstractByteBuf - -Dio.netty.buffer.checkBounds: true
12:56:16.969 [AsyncHttpClient-1-2] DEBUG io.netty.util.ResourceLeakDetectorFactory - Loaded default ResourceLeakDetector: io.netty.util.ResourceLeakDetector@71120324
12:56:17.052 [AsyncHttpClient-1-2] DEBUG io.netty.util.Recycler - -Dio.netty.recycler.maxCapacityPerThread: 4096
12:56:17.053 [AsyncHttpClient-1-2] DEBUG io.netty.util.Recycler - -Dio.netty.recycler.ratio: 8
12:56:17.053 [AsyncHttpClient-1-2] DEBUG io.netty.util.Recycler - -Dio.netty.recycler.chunkSize: 32
12:56:17.053 [AsyncHttpClient-1-2] DEBUG io.netty.util.Recycler - -Dio.netty.recycler.blocking: false
12:56:17.053 [AsyncHttpClient-1-2] DEBUG io.netty.util.Recycler - -Dio.netty.recycler.batchFastThreadLocalOnly: true
12:56:19.733 [AsyncHttpClient-1-2] DEBUG io.netty.handler.codec.compression.Brotli - brotli4j not in the classpath; Brotli support will be unavailable.
12:56:20.073 [main] DEBUG io.netty.util.internal.ThreadLocalRandom - -Dio.netty.initialSeedUniquifier: 0x0503d39fa86527c7
12:56:25.853 [main] DEBUG testCases.AccountRegTest - Debug mode starting
12:56:25.854 [main] INFO  testCases.AccountRegTest - Test case starting
12:56:25.855 [main] INFO  testCases.AccountRegTest - Account & register clicked
12:56:27.887 [main] INFO  testCases.AccountRegTest - Personal setails fillup
12:56:31.863 [main] INFO  testCases.AccountRegTest -  all done
13:52:54.058 [main] INFO  testCases.AccountRegTest - Test case starting
13:52:54.100 [main] INFO  testCases.AccountRegTest - Account & register clicked
13:55:45.604 [main] INFO  testCases.AccountRegTest - Test case starting
13:55:45.620 [main] INFO  testCases.AccountRegTest - Account & register clicked
13:55:49.770 [main] INFO  testCases.AccountRegTest - Personal setails fillup
13:55:55.408 [main] INFO  testCases.AccountRegTest -  all done
14:06:18.398 [main] INFO  testCases.AccountRegTest - Test case starting
14:06:18.411 [main] INFO  testCases.AccountRegTest - Account & register clicked
14:06:20.185 [main] INFO  testCases.AccountRegTest - Personal setails fillup
14:06:24.134 [main] INFO  testCases.AccountRegTest -  all done
16:23:23.608 [main] INFO  testCases.AccountRegTest - Test case starting
16:23:23.620 [main] INFO  testCases.AccountRegTest - Account & register clicked
16:23:26.859 [main] INFO  testCases.AccountRegTest - Personal setails fillup
16:23:32.867 [main] INFO  testCases.AccountRegTest -  all done
16:34:51.056 [main] INFO  testCases.AccountRegTest - Test case starting
16:34:51.069 [main] INFO  testCases.AccountRegTest - Account & register clicked
16:34:52.937 [main] INFO  testCases.AccountRegTest - Personal setails fillup
16:34:56.975 [main] INFO  testCases.AccountRegTest -  all done
16:37:11.509 [main] INFO  testCases.AccountRegTest - Test case starting
16:37:11.517 [main] INFO  testCases.AccountRegTest - Account & register clicked
16:37:13.870 [main] INFO  testCases.AccountRegTest - Personal setails fillup
16:37:17.578 [main] INFO  testCases.AccountRegTest -  all done
17:29:31.779 [TestNG-tests-1] INFO  testCases.AccountRegTest - Test case starting
17:29:31.875 [TestNG-tests-1] INFO  testCases.AccountRegTest - Account & register clicked
17:29:33.259 [TestNG-tests-2] INFO  testCases.AccountRegTest - Test case starting
17:29:33.261 [TestNG-tests-2] INFO  testCases.AccountRegTest - Account & register clicked
17:29:35.225 [TestNG-tests-1] INFO  testCases.AccountRegTest - Personal setails fillup
17:29:37.062 [TestNG-tests-2] INFO  testCases.AccountRegTest - Personal setails fillup
17:29:42.179 [TestNG-tests-1] INFO  testCases.AccountRegTest -  all done
17:29:44.074 [TestNG-tests-2] INFO  testCases.AccountRegTest -  all done
17:31:27.369 [TestNG-tests-1] INFO  testCases.AccountRegTest - Test case starting
17:31:27.396 [TestNG-tests-1] INFO  testCases.AccountRegTest - Account & register clicked
17:31:29.639 [TestNG-tests-1] INFO  testCases.AccountRegTest - Personal setails fillup
17:31:33.627 [TestNG-tests-1] INFO  testCases.AccountRegTest -  all done
17:54:07.359 [TestNG-tests-1] INFO  testCases.AccountRegTest - Test case starting
17:54:07.400 [TestNG-tests-1] INFO  testCases.AccountRegTest - Account & register clicked
17:54:10.380 [TestNG-tests-1] INFO  testCases.AccountRegTest - Personal setails fillup
17:54:15.465 [TestNG-tests-1] INFO  testCases.AccountRegTest -  all done
22:28:02.572 [main] INFO  testCases.AccountRegTest - Test case starting
22:28:02.586 [main] INFO  testCases.AccountRegTest - Account & register clicked
22:28:04.383 [main] INFO  testCases.AccountRegTest - Personal setails fillup
22:28:08.062 [main] INFO  testCases.AccountRegTest -  all done
22:31:07.528 [main] INFO  testCases.AccountRegTest - Test case starting
22:31:07.536 [main] INFO  testCases.AccountRegTest - Account & register clicked
22:31:10.692 [main] INFO  testCases.AccountRegTest - Personal setails fillup
22:31:14.886 [main] INFO  testCases.AccountRegTest -  all done
22:33:48.627 [main] INFO  testCases.AccountRegTest - Test case starting
22:33:48.654 [main] INFO  testCases.AccountRegTest - Account & register clicked
22:34:05.586 [main] INFO  testCases.AccountRegTest - Test case starting
22:34:05.587 [main] INFO  testCases.AccountRegTest - Account & register clicked
12:25:27.646 [main] INFO  testCases.AccountRegTest - Test case starting
12:25:27.656 [main] INFO  testCases.AccountRegTest - Account & register clicked
12:25:30.494 [main] INFO  testCases.AccountRegTest - Personal setails fillup
12:25:34.441 [main] INFO  testCases.AccountRegTest -  all done
12:25:51.812 [main] INFO  testCases.AccountRegTest - Test case starting
12:25:51.813 [main] INFO  testCases.AccountRegTest - Account & register clicked
12:25:54.855 [main] INFO  testCases.AccountRegTest - Personal setails fillup
12:26:00.017 [main] INFO  testCases.AccountRegTest -  all done
17:13:08.748 [TestNG-tests-2] INFO  testCases.AccountRegTest - Test case starting
17:13:08.775 [TestNG-tests-2] INFO  testCases.AccountRegTest - Account & register clicked
17:13:09.700 [TestNG-tests-1] INFO  testCases.AccountRegTest - Test case starting
17:13:09.700 [TestNG-tests-1] INFO  testCases.AccountRegTest - Account & register clicked
17:13:12.334 [TestNG-tests-2] INFO  testCases.AccountRegTest - Personal setails fillup
17:13:13.069 [TestNG-tests-1] INFO  testCases.AccountRegTest - Personal setails fillup
17:13:17.914 [TestNG-tests-2] INFO  testCases.AccountRegTest -  all done
17:13:18.443 [TestNG-tests-1] INFO  testCases.AccountRegTest -  all done
10:41:23.356 [TestNG-tests-1] INFO  testCases.AccountRegTest - Test case starting
10:41:23.365 [TestNG-tests-1] INFO  testCases.AccountRegTest - Account & register clicked
10:41:24.874 [TestNG-tests-1] INFO  testCases.AccountRegTest - Personal setails fillup
10:41:29.008 [TestNG-tests-1] INFO  testCases.AccountRegTest -  all done
10:41:35.782 [TestNG-tests-2] INFO  testCases.AccountRegTest - Test case starting
10:41:35.786 [TestNG-tests-2] INFO  testCases.AccountRegTest - Account & register clicked
10:41:37.477 [TestNG-tests-2] INFO  testCases.AccountRegTest - Personal setails fillup
10:41:40.690 [TestNG-tests-2] INFO  testCases.AccountRegTest -  all done
11:59:25.284 [TestNG-tests-1] INFO  testCases.AccountRegTest - Test case starting
11:59:25.294 [TestNG-tests-1] INFO  testCases.AccountRegTest - Account & register clicked
11:59:26.568 [TestNG-tests-1] INFO  testCases.AccountRegTest - Personal setails fillup
11:59:29.871 [TestNG-tests-1] INFO  testCases.AccountRegTest -  all done
12:00:49.377 [TestNG-tests-1] INFO  testCases.AccountRegTest - Test case starting
12:00:49.389 [TestNG-tests-1] INFO  testCases.AccountRegTest - Account & register clicked
12:00:49.666 [TestNG-tests-2] INFO  testCases.AccountRegTest - Test case starting
12:00:49.666 [TestNG-tests-2] INFO  testCases.AccountRegTest - Account & register clicked
12:00:52.151 [TestNG-tests-1] INFO  testCases.AccountRegTest - Personal setails fillup
12:00:52.666 [TestNG-tests-2] INFO  testCases.AccountRegTest - Personal setails fillup
12:00:56.869 [TestNG-tests-1] INFO  testCases.AccountRegTest -  all done
12:00:57.571 [TestNG-tests-2] INFO  testCases.AccountRegTest -  all done
12:01:49.581 [TestNG-tests-2] INFO  testCases.AccountRegTest - Test case starting
12:01:49.597 [TestNG-tests-2] INFO  testCases.AccountRegTest - Account & register clicked
12:01:50.166 [TestNG-tests-1] INFO  testCases.AccountRegTest - Test case starting
12:01:50.175 [TestNG-tests-1] INFO  testCases.AccountRegTest - Account & register clicked
12:01:52.739 [TestNG-tests-2] INFO  testCases.AccountRegTest - Personal setails fillup
12:01:52.830 [TestNG-tests-1] INFO  testCases.AccountRegTest - Personal setails fillup
12:01:57.328 [TestNG-tests-2] INFO  testCases.AccountRegTest -  all done
12:01:57.758 [TestNG-tests-1] INFO  testCases.AccountRegTest -  all done
12:03:06.506 [TestNG-tests-1] INFO  testCases.AccountRegTest - Test case starting
12:03:06.514 [TestNG-tests-1] INFO  testCases.AccountRegTest - Account & register clicked
12:03:07.709 [TestNG-tests-1] INFO  testCases.AccountRegTest - Personal setails fillup
12:03:11.062 [TestNG-tests-1] INFO  testCases.AccountRegTest -  all done
12:18:52.584 [TestNG-tests-2] INFO  testCases.AccountRegTest - Test case starting
12:18:52.593 [TestNG-tests-2] INFO  testCases.AccountRegTest - Account & register clicked
12:18:53.114 [TestNG-tests-1] INFO  testCases.AccountRegTest - Test case starting
12:18:53.115 [TestNG-tests-1] INFO  testCases.AccountRegTest - Account & register clicked
12:18:55.556 [TestNG-tests-2] INFO  testCases.AccountRegTest - Personal setails fillup
12:18:56.077 [TestNG-tests-1] INFO  testCases.AccountRegTest - Personal setails fillup
12:19:00.989 [TestNG-tests-2] INFO  testCases.AccountRegTest -  all done
12:19:01.122 [TestNG-tests-1] INFO  testCases.AccountRegTest -  all done
12:20:05.264 [TestNG-tests-2] INFO  testCases.AccountRegTest - Test case starting
12:20:05.274 [TestNG-tests-1] INFO  testCases.AccountRegTest - Test case starting
12:20:05.275 [TestNG-tests-1] INFO  testCases.AccountRegTest - Account & register clicked
12:20:05.286 [TestNG-tests-2] INFO  testCases.AccountRegTest - Account & register clicked
12:20:07.771 [TestNG-tests-2] INFO  testCases.AccountRegTest - Personal setails fillup
12:20:08.174 [TestNG-tests-1] INFO  testCases.AccountRegTest - Personal setails fillup
12:20:12.714 [TestNG-tests-2] INFO  testCases.AccountRegTest -  all done
12:20:13.114 [TestNG-tests-1] INFO  testCases.AccountRegTest -  all done
23:43:34.796 [TestNG-tests-1] INFO  testCases.AccountRegTest - Test case starting
23:43:34.809 [TestNG-tests-1] INFO  testCases.AccountRegTest - Account & register clicked
23:43:36.780 [TestNG-tests-1] INFO  testCases.AccountRegTest - Personal setails fillup
23:43:40.301 [TestNG-tests-1] INFO  testCases.AccountRegTest -  all done
23:45:41.508 [TestNG-tests-1] INFO  testCases.AccountRegTest - Test case starting
23:45:41.508 [TestNG-tests-2] INFO  testCases.AccountRegTest - Test case starting
23:45:41.548 [TestNG-tests-1] INFO  testCases.AccountRegTest - Account & register clicked
23:45:41.548 [TestNG-tests-2] INFO  testCases.AccountRegTest - Account & register clicked
23:47:25.650 [TestNG-tests-2] INFO  testCases.AccountRegTest - Test case starting
23:47:25.659 [TestNG-tests-2] INFO  testCases.AccountRegTest - Account & register clicked
23:47:25.650 [TestNG-tests-1] INFO  testCases.AccountRegTest - Test case starting
23:47:25.660 [TestNG-tests-1] INFO  testCases.AccountRegTest - Account & register clicked
23:48:28.137 [TestNG-tests-1] INFO  testCases.AccountRegTest - Test case starting
23:48:28.158 [TestNG-tests-1] INFO  testCases.AccountRegTest - Account & register clicked
23:48:29.438 [TestNG-tests-1] INFO  testCases.AccountRegTest - Personal setails fillup
23:48:32.201 [TestNG-tests-1] INFO  testCases.AccountRegTest -  all done
23:50:21.650 [TestNG-tests-2] INFO  testCases.AccountRegTest - Test case starting
23:50:21.650 [TestNG-tests-1] INFO  testCases.AccountRegTest - Test case starting
23:50:21.660 [TestNG-tests-2] INFO  testCases.AccountRegTest - Account & register clicked
23:50:21.661 [TestNG-tests-1] INFO  testCases.AccountRegTest - Account & register clicked
23:52:44.203 [TestNG-tests-2] INFO  testCases.AccountRegTest - Test case starting
23:52:44.203 [TestNG-tests-1] INFO  testCases.AccountRegTest - Test case starting
23:52:44.221 [TestNG-tests-1] INFO  testCases.AccountRegTest - Account & register clicked
23:52:44.221 [TestNG-tests-2] INFO  testCases.AccountRegTest - Account & register clicked
14:42:38.077 [TestNG-tests-1] INFO  testCases.AccountRegTest - Test case starting
14:42:38.086 [TestNG-tests-1] INFO  testCases.AccountRegTest - Account & register clicked
14:42:39.246 [TestNG-tests-1] INFO  testCases.AccountRegTest - Personal setails fillup
14:42:41.651 [TestNG-tests-1] INFO  testCases.AccountRegTest -  all done
14:46:22.008 [TestNG-tests-1] INFO  testCases.AccountRegTest - Test case starting
14:46:22.031 [TestNG-tests-1] INFO  testCases.AccountRegTest - Account & register clicked
14:46:23.108 [TestNG-tests-1] INFO  testCases.AccountRegTest - Personal setails fillup
14:46:25.529 [TestNG-tests-1] INFO  testCases.AccountRegTest -  all done
15:41:53.652 [TestNG-tests-1] INFO  testCases.AccountRegTest - Test case starting
15:41:53.663 [TestNG-tests-1] INFO  testCases.AccountRegTest - Account & register clicked
15:41:55.264 [TestNG-tests-1] INFO  testCases.AccountRegTest - Personal setails fillup
15:41:57.874 [TestNG-tests-1] INFO  testCases.AccountRegTest -  all done
15:43:36.441 [TestNG-tests-1] INFO  testCases.AccountRegTest - Test case starting
15:43:36.454 [TestNG-tests-1] INFO  testCases.AccountRegTest - Account & register clicked
15:43:38.224 [TestNG-tests-1] INFO  testCases.AccountRegTest - Personal setails fillup
15:43:40.944 [TestNG-tests-1] INFO  testCases.AccountRegTest -  all done
15:54:54.223 [TestNG-tests-1] INFO  testCases.AccountRegTest - Test case starting
15:54:54.235 [TestNG-tests-1] INFO  testCases.AccountRegTest - Account & register clicked
15:54:55.609 [TestNG-tests-1] INFO  testCases.AccountRegTest - Personal setails fillup
15:54:58.584 [TestNG-tests-1] INFO  testCases.AccountRegTest -  all done
20:51:29.427 [TestNG-tests-1] INFO  testCases.AccountRegTest - Test case starting
20:51:29.440 [TestNG-tests-1] INFO  testCases.AccountRegTest - Account & register clicked
20:51:30.845 [TestNG-tests-1] INFO  testCases.AccountRegTest - Personal setails fillup
20:51:33.630 [TestNG-tests-1] INFO  testCases.AccountRegTest -  all done
20:54:30.849 [TestNG-tests-1] INFO  testCases.AccountRegTest - Test case starting
20:54:30.877 [TestNG-tests-1] INFO  testCases.AccountRegTest - Account & register clicked
20:54:32.410 [TestNG-tests-1] INFO  testCases.AccountRegTest - Personal setails fillup
20:54:35.068 [TestNG-tests-1] INFO  testCases.AccountRegTest -  all done
